#
# A fatal error has been detected by the Java Runtime Environment:
#
#  EXCEPTION_UNCAUGHT_CXX_EXCEPTION (0xe06d7363) at pc=0x00007ff82a761ada, pid=25900, tid=25556
#
# JRE version: OpenJDK Runtime Environment GraalVM CE 25.0.1+8.1 (25.0.1+8) (build 25.0.1+8-jvmci-b01)
# Java VM: OpenJDK 64-Bit Server VM GraalVM CE 25.0.1+8.1 (25.0.1+8-jvmci-b01, mixed mode, sharing, tiered, jvmci, jvmci compiler, compressed oops, compressed class ptrs, g1 gc, windows-amd64)
# Problematic frame:
# C  [KERNELBASE.dll+0xc1ada]
#
# No core dump will be written. Minidumps are not enabled by default on client versions of Windows
#
# If you would like to submit a bug report, please visit:
#   https://github.com/oracle/graal/issues
# The crash happened outside the Java Virtual Machine in native code.
# See problematic frame for where to report the bug.
#

---------------  S U M M A R Y ------------

Command Line: -XX:ThreadPriorityPolicy=1 -XX:+UnlockExperimentalVMOptions -XX:+EnableJVMCIProduct -XX:+EnableJVMCI -XX:-UnlockExperimentalVMOptions --enable-native-access=ALL-UNNAMED io.github.kinsleykajiva.IceTcpActivePassiveDemo

Host: Intel(R) Core(TM) i7-8650U CPU @ 1.90GHz, 8 cores, 15G,  Windows 11 , 64 bit Build 26100 (10.0.26100.8875)
Time: Fri Jul 17 17:55:34 2026 South Africa Standard Time elapsed time: 0.808489 seconds (0d 0h 0m 0s)

---------------  T H R E A D  ---------------

Current thread (0x000001a593a1f450):  JavaThread "Thread-1"  daemon [_thread_in_native, id=25556, stack(0x0000006022800000,0x0000006022a00000) (2048K)]

Stack: [0x0000006022800000,0x0000006022a00000],  sp=0x00000060229faf80,  free space=2027k
Native frames: (J=compiled Java code, j=interpreted, Vv=VM code, C=native code)
C  [KERNELBASE.dll+0xc1ada]  (no source info available)
C  [VCRUNTIME140.dll+0x5267]  (no source info available)
C  [rust_webrtc_ffi653039254703895992.dll+0x39accd]  (no source info available)
C  [rust_webrtc_ffi653039254703895992.dll+0x39aba5]  (no source info available)
C  [rust_webrtc_ffi653039254703895992.dll+0x38cc6f]  (no source info available)
C  [rust_webrtc_ffi653039254703895992.dll+0x3960aa]  (no source info available)
C  [rust_webrtc_ffi653039254703895992.dll+0x395e09]  (no source info available)
C  [rust_webrtc_ffi653039254703895992.dll+0x39363f]  (no source info available)
C  [rust_webrtc_ffi653039254703895992.dll+0x38cf3e]  (no source info available)
C  [rust_webrtc_ffi653039254703895992.dll+0x3e48bd]  (no source info available)
C  [rust_webrtc_ffi653039254703895992.dll+0x944e5]  (no source info available)
C  [rust_webrtc_ffi653039254703895992.dll+0xa6910]  (no source info available)
C  0x000001a5876db6a7  (no source info available)

The last pc belongs to nep_invoker_blob (printed below).
Java frames: (J=compiled Java code, j=interpreted, Vv=VM code)
v  ~RuntimeStub::nep_invoker_blob 0x000001a5876db668
j  java.lang.invoke.LambdaForm$MH+0x0000000096078800.invoke(Ljava/lang/Object;JJJJI)I+16 java.base@25.0.1
j  java.lang.invoke.LambdaForm$MH+0x000000009607e400.invokeExact_MT(Ljava/lang/Object;JJJJILjava/lang/Object;)I+27 java.base@25.0.1
j  jdk.internal.foreign.abi.DowncallStub+0x0000000096079000.invoke(Ljava/lang/foreign/SegmentAllocator;Ljava/lang/foreign/MemorySegment;Ljava/lang/foreign/MemorySegment;Ljava/lang/foreign/MemorySegment;Ljava/lang/foreign/MemorySegment;I)I+167 java.base@25.0.1
j  java.lang.invoke.LambdaForm$DMH+0x0000000096079c00.invokeStaticInit(Ljava/lang/Object;Ljava/lang/Object;Ljava/lang/Object;Ljava/lang/Object;Ljava/lang/Object;Ljava/lang/Object;I)I+20 java.base@25.0.1
j  java.lang.invoke.LambdaForm$MH+0x000000009607c800.invoke(Ljava/lang/Object;Ljava/lang/Object;Ljava/lang/Object;Ljava/lang/Object;I)I+53 java.base@25.0.1
j  java.lang.invoke.LambdaForm$MH+0x000000009607d800.invokeExact_MT(Ljava/lang/Object;Ljava/lang/Object;Ljava/lang/Object;Ljava/lang/Object;ILjava/lang/Object;)I+24 java.base@25.0.1
j  io.github.kinsleykajiva.webrtc.ffm.webrtc_ffi_h.webrtc_ffi_add_ice_candidate(Ljava/lang/foreign/MemorySegment;Ljava/lang/foreign/MemorySegment;Ljava/lang/foreign/MemorySegment;I)I+45
j  io.github.kinsleykajiva.webrtc.PeerConnection.addIceCandidate(Ljava/lang/String;Ljava/lang/String;I)V+48
j  io.github.kinsleykajiva.IceTcpActivePassiveDemo$1.onIceCandidate(Ljava/lang/String;Ljava/lang/String;)V+18
j  io.github.kinsleykajiva.webrtc.PeerConnection.iceCb(Ljava/lang/foreign/MemorySegment;Ljava/lang/foreign/MemorySegment;Ljava/lang/foreign/MemorySegment;)V+32
j  java.lang.invoke.LambdaForm$DMH+0x0000000096053800.invokeStatic(Ljava/lang/Object;Ljava/lang/Object;Ljava/lang/Object;Ljava/lang/Object;)V+14 java.base@25.0.1
j  java.lang.invoke.LambdaForm$MH+0x0000000096077c00.invokeExact_MT(Ljava/lang/Object;Ljava/lang/Object;Ljava/lang/Object;Ljava/lang/Object;Ljava/lang/Object;)V+22 java.base@25.0.1
j  jdk.internal.foreign.abi.UpcallStub+0x0000000096058000.invoke(Ljava/lang/invoke/MethodHandle;JJJ)V+46 java.base@25.0.1
j  java.lang.invoke.LambdaForm$DMH+0x0000000096058400.invokeStatic(Ljava/lang/Object;Ljava/lang/Object;JJJ)V+17 java.base@25.0.1
j  java.lang.invoke.LambdaForm$MH+0x0000000096059400.invoke(Ljava/lang/Object;JJJ)V+28 java.base@25.0.1
j  java.lang.invoke.LambdaForm$MH+0x000000009605a400.invoke(Ljava/lang/Object;JJJ)V+44 java.base@25.0.1
v  ~UpcallStub::upcall_stub 0x000001a5876b124b

siginfo: EXCEPTION_UNCAUGHT_CXX_EXCEPTION (0xe06d7363), ExceptionInformation=0x0000000019930520 0x00000060229fb108 0x00007fffcc3ea5d0 0x00007fffcbe80000 


Registers:
RAX=0x0000000000000000, RBX=0x00000060229fb0a8, RCX=0x00000060229fae20, RDX=0xfffffffffffffffe
RSP=0x00000060229faf80, RBP=0x0000000000000004, RSI=0x0000000000000001, RDI=0x00000000e06d7363
R8 =0x00007fffcc20e63c, R9 =0x00000060229fa930, R10=0x0000000000000000, R11=0x00000060229fae08
R12=0x8000000000000000, R13=0x8000000000000000, R14=0x000001a593a22400, R15=0x000000000000003c
RIP=0x00007ff82a761ada, EFLAGS=0x0000000000000206

XMM[0]=0x000000000000000d 0x000001a593a3bed0
XMM[1]=0x00000060229fae08 0x00000060229fa930
XMM[2]=0x0000000000000000 0x00000060229fae20
XMM[3]=0x0000000000000000 0x0000000000000000
XMM[4]=0x0000000000000000 0x0000000000000000
XMM[5]=0x0000000000000000 0x0000000000000000
XMM[6]=0x0000000000000000 0x3feccccccccccccd
XMM[7]=0x0000000000000000 0x411519dfffffffff
XMM[8]=0x0000000000000000 0x4530000043300000
XMM[9]=0x4530000000000000 0x4330000000000000
XMM[10]=0x0000000000000000 0x3ff0000000000000
XMM[11]=0x0000000000000000 0x41086a0000000000
XMM[12]=0x0000000000000000 0x41efffffffe00000
XMM[13]=0x0000000000000000 0x0000000000000000
XMM[14]=0x0000000000000000 0x0000000000000000
XMM[15]=0x0000000000000000 0x0000000000000000
  MXCSR=0x00001fa0


Register to memory mapping:

RAX=0x0 is null
RBX=0x00000060229fb0a8 is pointing into the stack for thread: 0x000001a593a1f450
RCX=0x00000060229fae20 is pointing into the stack for thread: 0x000001a593a1f450
RDX=0xfffffffffffffffe is an unknown value
RSP=0x00000060229faf80 is pointing into the stack for thread: 0x000001a593a1f450
RBP=0x0000000000000004 is an unknown value
RSI=0x0000000000000001 is an unknown value
RDI=0x00000000e06d7363 is an unknown value
R8 =0x00007fffcc20e63c rust_webrtc_ffi653039254703895992.dll
R9 =0x00000060229fa930 is pointing into the stack for thread: 0x000001a593a1f450
R10=0x0 is null
R11=0x00000060229fae08 is pointing into the stack for thread: 0x000001a593a1f450
R12=0x8000000000000000 is an unknown value
R13=0x8000000000000000 is an unknown value
R14=0x000001a593a22400 points into unknown readable memory: 0x000001a5ff1d4098 | 98 40 1d ff a5 01 00 00
R15=0x000000000000003c is an unknown value

Top of Stack: (sp=0x00000060229faf80)
0x00000060229faf80:   00000060229fafd0 00000060229fb0a8   ..."`......"`...
0x00000060229faf90:   0000000000000001 00000000e06d7363   ........csm.....
0x00000060229fafa0:   00000081e06d7363 0000000000000000   csm.............
0x00000060229fafb0:   00007ff82a761ada 0000000000000004   ..v*............
0x00000060229fafc0:   0000000019930520 00000060229fb108    .........."`...
0x00000060229fafd0:   00007fffcc3ea5d0 00007fffcbe80000   ..>.............
0x00000060229fafe0:   0000000000000000 0000000000000000   ................
0x00000060229faff0:   0000000000000000 0000000000000000   ................
0x00000060229fb000:   0000000000000000 0000000000000000   ................
0x00000060229fb010:   0000000000000000 0000000000000000   ................
0x00000060229fb020:   0000000000000000 0000000000000000   ................
0x00000060229fb030:   0000000000000000 00007ff82d3019ba   ..........0-....
0x00000060229fb040:   000078bbc45c95d5 00000060229fb120   ..\..x.. .."`...
0x00000060229fb050:   00007fffcc3eb000 0000000019930520   ..>..... .......
0x00000060229fb060:   00000060229fb108 00000060229fb120   ..."`... .."`...
0x00000060229fb070:   00007fffcc3ea5d0 00007fffe9335267   ..>.....gR3.....
0x00000060229fb080:   8000000000000000 000001a593a22400   .........$......
0x00000060229fb090:   000000000000003c 00000060229fb160   <.......`.."`...
0x00000060229fb0a0:   00007fffcbe80000 0000000019930520   ........ .......
0x00000060229fb0b0:   00000060229fb108 00007fffcc3ea5d0   ..."`.....>.....
0x00000060229fb0c0:   00007fffcbe80000 8000000000000000   ................
0x00000060229fb0d0:   00007fffcc349940 00007fffcc21accd   @.4.......!.....
0x00000060229fb0e0:   0000000000000001 00007fffcc21a3c7   ..........!.....
0x00000060229fb0f0:   0000000000000001 00000060229fb298   ..........."`...
0x00000060229fb100:   00000060229fb190 00007fffcc3ea390   ..."`.....>.....
0x00000060229fb110:   000001a593a22dc0 00007fffcc34a2b0   .-........4.....
0x00000060229fb120:   00000060229fb150 00007fffcc21aba5   P.."`.....!.....
0x00000060229fb130:   00007fffcc26dc98 00000000000000c1   ..&.............
0x00000060229fb140:   00007fffcc26ddd8 0000000000000000   ..&.............
0x00000060229fb150:   00000060229fb1b0 00007fffcc20cc6f   ..."`...o. .....
0x00000060229fb160:   00000060229fb140 00000060229fb130   @.."`...0.."`...
0x00000060229fb170:   00000060229fb18d 00007ff82d38deb2   ..."`.....8-....

Instructions: (pc=0x00007ff82a761ada)
  0x00007ff82a7619da:   00 e8 80 fe f7 ff 48 8b cb e8 38 4f f6 ff 48 85
  0x00007ff82a7619ea:   f6 74 08 48 8b ce e8 2b 4f f6 ff 48 85 ff 74 08
  0x00007ff82a7619fa:   48 8b cf e8 1e 4f f6 ff 8b 4c 24 40 48 ff 15 43
  0x00007ff82a761a0a:   5a 1d 00 0f 1f 44 00 00 90 48 8b 8c 24 a0 02 00
  0x00007ff82a761a1a:   00 48 33 cc e8 dd 2b 0d 00 4c 8d 9c 24 b0 02 00
  0x00007ff82a761a2a:   00 49 8b 5b 38 49 8b 73 40 49 8b e3 41 5f 41 5e
  0x00007ff82a761a3a:   41 5d 41 5c 5f c3 cc cc cc cc cc cc cc cc cc cc
  0x00007ff82a761a4a:   cc cc cc cc cc cc 40 53 55 56 57 48 81 ec d8 00
  0x00007ff82a761a5a:   00 00 48 8b 05 6d 36 2e 00 48 33 c4 48 89 84 24
  0x00007ff82a761a6a:   c0 00 00 00 8b f2 41 8b e8 33 d2 8b f9 48 8d 4c
  0x00007ff82a761a7a:   24 3c 49 8b d9 44 8d 42 7c e8 c9 4b 06 00 33 c9
  0x00007ff82a761a8a:   89 7c 24 20 83 e6 01 48 89 4c 24 28 89 74 24 24
  0x00007ff82a761a9a:   48 8d 05 af ff ff ff 48 89 44 24 30 48 85 db 74
  0x00007ff82a761aaa:   51 41 b8 0f 00 00 00 48 8d 4c 24 40 41 3b e8 48
  0x00007ff82a761aba:   8b d3 44 0f 46 c5 44 89 44 24 38 49 c1 e0 03 e8
  0x00007ff82a761aca:   e9 2a 0d 00 48 8d 4c 24 20 48 ff 15 be 60 1d 00
=>0x00007ff82a761ada:   0f 1f 44 00 00 48 8b 8c 24 c0 00 00 00 48 33 cc
  0x00007ff82a761aea:   e8 11 2b 0d 00 48 81 c4 d8 00 00 00 5f 5e 5d 5b
  0x00007ff82a761afa:   c3 cc 89 4c 24 38 eb cc cc cc cc cc cc cc cc cc
  0x00007ff82a761b0a:   cc cc cc cc cc cc 48 89 5c 24 10 48 89 74 24 18
  0x00007ff82a761b1a:   57 48 83 ec 30 48 8b d9 33 ff f6 c1 08 0f 84 a7
  0x00007ff82a761b2a:   00 00 00 48 8b 0d 3c 93 2e 00 48 ff 15 a5 5a 1d
  0x00007ff82a761b3a:   00 0f 1f 44 00 00 90 48 8d 53 f8 48 8d 0d f4 92
  0x00007ff82a761b4a:   2e 00 48 ff 15 5d 5a 1d 00 0f 1f 44 00 00 84 c0
  0x00007ff82a761b5a:   74 2f 48 8b 3b 48 89 7c 24 20 48 85 ff 74 1b 0f
  0x00007ff82a761b6a:   b7 4b fa ba ff 00 00 00 8d 41 01 66 89 43 fa 66
  0x00007ff82a761b7a:   3b ca 75 1e 66 89 4b fa eb 18 b9 9d 00 00 00 eb
  0x00007ff82a761b8a:   05 b9 06 00 00 00 48 ff 15 b9 58 1d 00 0f 1f 44
  0x00007ff82a761b9a:   00 00 eb 0f 33 ff 48 89 7c 24 20 8b c8 e8 24 15
  0x00007ff82a761baa:   f6 ff 90 48 8b 0d bc 92 2e 00 48 ff 15 1d 5a 1d
  0x00007ff82a761bba:   00 0f 1f 44 00 00 48 8b c7 48 8b 5c 24 48 48 8b
  0x00007ff82a761bca:   74 24 50 48 83 c4 30 5f c3 cc 48 8b 05 f5 a5 2e


Stack slot to memory mapping:

stack at sp + 0 slots: 0x00000060229fafd0 is pointing into the stack for thread: 0x000001a593a1f450
stack at sp + 1 slots: 0x00000060229fb0a8 is pointing into the stack for thread: 0x000001a593a1f450
stack at sp + 2 slots: 0x0000000000000001 is an unknown value
stack at sp + 3 slots: 0x00000000e06d7363 is an unknown value
stack at sp + 4 slots: 0x00000081e06d7363 is an unknown value
stack at sp + 5 slots: 0x0 is null
stack at sp + 6 slots: 0x00007ff82a761ada KERNELBASE.dll
stack at sp + 7 slots: 0x0000000000000004 is an unknown value

Lock stack of current Java thread (top to bottom):

--------------------------------------------------------------------------------
Decoding CodeBlob, name: nep_invoker_blob, at  [0x000001a5876db660, 0x000001a5876db770]  272 bytes
[MachCode]
  0x000001a5876db660: 5548 8bec | 4883 ec20 | c5f8 7749 | 89af 3804 | 0000 49ba | 68b6 6d87 | a501 0000 | 4d89 9730 
  0x000001a5876db680: 0400 0049 | 89a7 2804 | 0000 41c7 | 87d4 0400 | 0004 0000 | 004c 8bd2 | 498b d14c | 8bce 498b 
  0x000001a5876db6a0: c84c 8bc7 | 41ff d2c5 | f877 41c7 | 87d4 0400 | 0005 0000 | 00f0 8344 | 24c0 0049 | 3b6f 280f 
  0x000001a5876db6c0: 874d 0000 | 0041 83bf | d004 0000 | 000f 853f | 0000 0041 | c787 d404 | 0000 0800 | 0000 4183 
  0x000001a5876db6e0: bf50 0500 | 0002 0f84 | 5300 0000 | 49c7 8728 | 0400 0000 | 0000 0049 | c787 3804 | 0000 0000 
  0x000001a5876db700: 0000 49c7 | 8730 0400 | 0000 0000 | 00c5 f877 | c9c3 4889 | 0424 498b | cfc5 f877 | 4c8b e448 
  0x000001a5876db720: 83ec 2048 | 83e4 f048 | b8f0 f28a | ccff 7f00 | 00ff d049 | 8be4 4d33 | e448 8b04 | 24eb 9448 
  0x000001a5876db740: 8904 24c5 | f877 4c8b | e448 83ec | 2048 83e4 | f048 b8a0 | 5fc4 ccff | 7f00 00ff | d049 8be4 
  0x000001a5876db760: 4d33 e448 | 8b04 24eb | 83f4 f4f4 | f4f4 f4f4 
[/MachCode]
--------------------------------------------------------------------------------

--------------------------------------------------------------------------------
Decoding CodeBlob, name: upcall_stub, at  [0x000001a5876b1160, 0x000001a5876b12f8]  408 bytes
[MachCode]
  0x000001a5876b1160: 5548 8bec | 4881 ece0 | 0100 0048 | 894c 2420 | 4889 5424 | 284c 8944 | 2430 4889 | 5c24 3848 
  0x000001a5876b1180: 8974 2440 | 4889 7c24 | 484c 8964 | 2450 4c89 | 6c24 584c | 8974 2460 | 4c89 7c24 | 68c5 fe7f 
  0x000001a5876b11a0: 7424 70c5 | fe7f bc24 | 9000 0000 | c57e 7f84 | 24b0 0000 | 00c5 7e7f | 8c24 d000 | 0000 c57e 
  0x000001a5876b11c0: 7f94 24f0 | 0000 00c5 | 7e7f 9c24 | 1001 0000 | c57e 7fa4 | 2430 0100 | 00c5 7e7f | ac24 5001 
  0x000001a5876b11e0: 0000 c57e | 7fb4 2470 | 0100 00c5 | 7e7f bc24 | 9001 0000 | c5f8 7748 | 8d8c 24b0 | 0100 0048 
  0x000001a5876b1200: b820 92de | ccff 7f00 | 00ff d04c | 8bf8 4d33 | e448 8b4c | 2420 488b | 5424 284c | 8b44 2430 
  0x000001a5876b1220: 498b f84c | 8bc1 4c8b | ca48 ba12 | d330 ffa5 | 0100 00e8 | 7624 e7ff | 493b a7c8 | 0500 0076 
  0x000001a5876b1240: 0749 89a7 | c805 0000 | ff53 4049 | 3ba7 c805 | 0000 720b | 49c7 87c8 | 0500 0000 | 0000 00c5 
  0x000001a5876b1260: f877 488d | 8c24 b001 | 0000 48b8 | 4094 decc | ff7f 0000 | ffd0 4d33 | e448 8b5c | 2438 488b 
  0x000001a5876b1280: 7424 4048 | 8b7c 2448 | 4c8b 6424 | 504c 8b6c | 2458 4c8b | 7424 604c | 8b7c 2468 | c5fe 6f74 
  0x000001a5876b12a0: 2470 c5fe | 6fbc 2490 | 0000 00c5 | 7e6f 8424 | b000 0000 | c57e 6f8c | 24d0 0000 | 00c5 7e6f 
  0x000001a5876b12c0: 9424 f000 | 0000 c57e | 6f9c 2410 | 0100 00c5 | 7e6f a424 | 3001 0000 | c57e 6fac | 2450 0100 
  0x000001a5876b12e0: 00c5 7e6f | b424 7001 | 0000 c57e | 6fbc 2490 | 0100 00c9 | c3f4 f4f4 
[/MachCode]
--------------------------------------------------------------------------------


---------------  P R O C E S S  ---------------

Threads class SMR info:
_java_thread_list=0x000001a5939bbbf0, length=14, elements={
0x000001a5eb495af0, 0x000001a5ff31be80, 0x000001a5ff31c8e0, 0x000001a5ff31f890,
0x000001a5ff320930, 0x000001a5ff321650, 0x000001a5ff3297c0, 0x000001a5ff325fc0,
0x000001a5ff326e30, 0x000001a5ff552500, 0x000001a5ff5ac3f0, 0x000001a5ff5b01b0,
0x000001a593a1ec90, 0x000001a593a1f450
}

Java Threads: ( => current thread )
  0x000001a5eb495af0 JavaThread "main"                              [_thread_blocked, id=3012, stack(0x0000006020600000,0x0000006020700000) (1024K)]
  0x000001a5ff31be80 JavaThread "Reference Handler"          daemon [_thread_blocked, id=12180, stack(0x0000006020e00000,0x0000006020f00000) (1024K)]
  0x000001a5ff31c8e0 JavaThread "Finalizer"                  daemon [_thread_blocked, id=18064, stack(0x0000006020f00000,0x0000006021000000) (1024K)]
  0x000001a5ff31f890 JavaThread "Signal Dispatcher"          daemon [_thread_blocked, id=568, stack(0x0000006021000000,0x0000006021100000) (1024K)]
  0x000001a5ff320930 JavaThread "Attach Listener"            daemon [_thread_blocked, id=23828, stack(0x0000006021100000,0x0000006021200000) (1024K)]
  0x000001a5ff321650 JavaThread "Service Thread"             daemon [_thread_blocked, id=31900, stack(0x0000006021200000,0x0000006021300000) (1024K)]
  0x000001a5ff3297c0 JavaThread "Monitor Deflation Thread"   daemon [_thread_blocked, id=25344, stack(0x0000006021300000,0x0000006021400000) (1024K)]
  0x000001a5ff325fc0 JavaThread "JVMCI-native CompilerThread0" daemon [_thread_blocked, id=8916, stack(0x0000006021400000,0x0000006021500000) (1024K)]
  0x000001a5ff326e30 JavaThread "C1 CompilerThread0"         daemon [_thread_blocked, id=23200, stack(0x0000006021500000,0x0000006021600000) (1024K)]
  0x000001a5ff552500 JavaThread "C1 CompilerThread1"         daemon [_thread_blocked, id=29104, stack(0x0000006021600000,0x0000006021700000) (1024K)]
  0x000001a5ff5ac3f0 JavaThread "Notification Thread"        daemon [_thread_blocked, id=23728, stack(0x0000006021800000,0x0000006021900000) (1024K)]
  0x000001a5ff5b01b0 JavaThread "Common-Cleaner"             daemon [_thread_blocked, id=30732, stack(0x0000006021900000,0x0000006021a00000) (1024K)]
  0x000001a593a1ec90 JavaThread "Thread-0"                   daemon [_thread_in_native, id=16812, stack(0x0000006022600000,0x0000006022800000) (2048K)]
=>0x000001a593a1f450 JavaThread "Thread-1"                   daemon [_thread_in_native, id=25556, stack(0x0000006022800000,0x0000006022a00000) (2048K)]
Total: 14

Other Threads:
  0x000001a5ff307b20 VMThread "VM Thread"                           [id=7292, stack(0x0000006020d00000,0x0000006020e00000) (1024K)]
  0x000001a5ff2f5580 WatcherThread "VM Periodic Task Thread"        [id=29056, stack(0x0000006020c00000,0x0000006020d00000) (1024K)]
  0x000001a5ed80e0f0 WorkerThread "GC Thread#0"                     [id=22344, stack(0x0000006020700000,0x0000006020800000) (1024K)]
  0x000001a5ed827d30 ConcurrentGCThread "G1 Main Marker"            [id=18048, stack(0x0000006020800000,0x0000006020900000) (1024K)]
  0x000001a5ed829070 WorkerThread "G1 Conc#0"                       [id=26448, stack(0x0000006020900000,0x0000006020a00000) (1024K)]
  0x000001a5ff1c3be0 ConcurrentGCThread "G1 Refine#0"               [id=12072, stack(0x0000006020a00000,0x0000006020b00000) (1024K)]
  0x000001a5ff1c45f0 ConcurrentGCThread "G1 Service"                [id=34216, stack(0x0000006020b00000,0x0000006020c00000) (1024K)]
Total: 7

Threads with active compile tasks:
Total: 0

VM state: not at safepoint (normal execution)

VM Mutex/Monitor currently owned by a thread: None

Heap address: 0x0000000701e00000, size: 4066 MB, Compressed Oops mode: Zero based, Oop shift amount: 3

CDS archive(s) mapped at: [0x0000000095000000-0x0000000095dd0000-0x0000000095dd0000), size 14483456, SharedBaseAddress: 0x0000000095000000, ArchiveRelocationMode: 1.
Compressed class space mapped at: 0x0000000096000000-0x00000000d6000000, reserved size: 1073741824
UseCompressedClassPointers 1, UseCompactObjectHeaders 0
Narrow klass pointer bits 32, Max shift 3
Narrow klass base: 0x0000000095000000, Narrow klass shift: 0
Encoding Range: [0x0000000095000000 - 0x0000000195000000), (4294967296 bytes)
Klass Range:    [0x0000000095010000 - 0x00000000d6000000), (1090453504 bytes)
Klass ID Range:  [65536 - 1090519033) (1090453497)
Protection zone: [0x0000000095000000 - 0x0000000095010000), (65536 bytes)

GC Precious Log:
 CardTable entry size: 512
 Card Set container configuration: InlinePtr #cards 4 size 8 Array Of Cards #cards 16 size 48 Howl #buckets 8 coarsen threshold 3686 Howl Bitmap #cards 512 size 80 coarsen threshold 460 Card regions per heap region 1 cards per card region 4096
 CPUs: 8 total, 8 available
 Memory: 16262M
 Large Page Support: Disabled
 NUMA Support: Disabled
 Compressed Oops: Enabled (Zero based)
 Heap Region Size: 2M
 Heap Min Capacity: 8M
 Heap Initial Capacity: 256M
 Heap Max Capacity: 4066M
 Pre-touch: Disabled
 Parallel Workers: 8
 Concurrent Workers: 2
 Concurrent Refinement Workers: 8
 Periodic GC: Disabled

Heap:
 garbage-first heap   total reserved 4163584K, committed 264192K, used 17633K [0x0000000701e00000, 0x0000000800000000)
  region size 2048K, 9 young (18432K), 0 survivors (0K)

Heap Regions: E=young(eden), S=young(survivor), O=old, HS=humongous(starts), HC=humongous(continues), CS=collection set, F=free, TAMS=top-at-mark-start, PB=parsable bottom
|   0|0x0000000701e00000, 0x0000000701e00000, 0x0000000702000000|  0%| F|  |TAMS 0x0000000701e00000| PB 0x0000000701e00000| Untracked |  0
|   1|0x0000000702000000, 0x0000000702000000, 0x0000000702200000|  0%| F|  |TAMS 0x0000000702000000| PB 0x0000000702000000| Untracked |  0
|   2|0x0000000702200000, 0x0000000702200000, 0x0000000702400000|  0%| F|  |TAMS 0x0000000702200000| PB 0x0000000702200000| Untracked |  0
|   3|0x0000000702400000, 0x0000000702400000, 0x0000000702600000|  0%| F|  |TAMS 0x0000000702400000| PB 0x0000000702400000| Untracked |  0
|   4|0x0000000702600000, 0x0000000702600000, 0x0000000702800000|  0%| F|  |TAMS 0x0000000702600000| PB 0x0000000702600000| Untracked |  0
|   5|0x0000000702800000, 0x0000000702800000, 0x0000000702a00000|  0%| F|  |TAMS 0x0000000702800000| PB 0x0000000702800000| Untracked |  0
|   6|0x0000000702a00000, 0x0000000702a00000, 0x0000000702c00000|  0%| F|  |TAMS 0x0000000702a00000| PB 0x0000000702a00000| Untracked |  0
|   7|0x0000000702c00000, 0x0000000702c00000, 0x0000000702e00000|  0%| F|  |TAMS 0x0000000702c00000| PB 0x0000000702c00000| Untracked |  0
|   8|0x0000000702e00000, 0x0000000702e00000, 0x0000000703000000|  0%| F|  |TAMS 0x0000000702e00000| PB 0x0000000702e00000| Untracked |  0
|   9|0x0000000703000000, 0x0000000703000000, 0x0000000703200000|  0%| F|  |TAMS 0x0000000703000000| PB 0x0000000703000000| Untracked |  0
|  10|0x0000000703200000, 0x0000000703200000, 0x0000000703400000|  0%| F|  |TAMS 0x0000000703200000| PB 0x0000000703200000| Untracked |  0
|  11|0x0000000703400000, 0x0000000703400000, 0x0000000703600000|  0%| F|  |TAMS 0x0000000703400000| PB 0x0000000703400000| Untracked |  0
|  12|0x0000000703600000, 0x0000000703600000, 0x0000000703800000|  0%| F|  |TAMS 0x0000000703600000| PB 0x0000000703600000| Untracked |  0
|  13|0x0000000703800000, 0x0000000703800000, 0x0000000703a00000|  0%| F|  |TAMS 0x0000000703800000| PB 0x0000000703800000| Untracked |  0
|  14|0x0000000703a00000, 0x0000000703a00000, 0x0000000703c00000|  0%| F|  |TAMS 0x0000000703a00000| PB 0x0000000703a00000| Untracked |  0
|  15|0x0000000703c00000, 0x0000000703c00000, 0x0000000703e00000|  0%| F|  |TAMS 0x0000000703c00000| PB 0x0000000703c00000| Untracked |  0
|  16|0x0000000703e00000, 0x0000000703e00000, 0x0000000704000000|  0%| F|  |TAMS 0x0000000703e00000| PB 0x0000000703e00000| Untracked |  0
|  17|0x0000000704000000, 0x0000000704000000, 0x0000000704200000|  0%| F|  |TAMS 0x0000000704000000| PB 0x0000000704000000| Untracked |  0
|  18|0x0000000704200000, 0x0000000704200000, 0x0000000704400000|  0%| F|  |TAMS 0x0000000704200000| PB 0x0000000704200000| Untracked |  0
|  19|0x0000000704400000, 0x0000000704400000, 0x0000000704600000|  0%| F|  |TAMS 0x0000000704400000| PB 0x0000000704400000| Untracked |  0
|  20|0x0000000704600000, 0x0000000704600000, 0x0000000704800000|  0%| F|  |TAMS 0x0000000704600000| PB 0x0000000704600000| Untracked |  0
|  21|0x0000000704800000, 0x0000000704800000, 0x0000000704a00000|  0%| F|  |TAMS 0x0000000704800000| PB 0x0000000704800000| Untracked |  0
|  22|0x0000000704a00000, 0x0000000704a00000, 0x0000000704c00000|  0%| F|  |TAMS 0x0000000704a00000| PB 0x0000000704a00000| Untracked |  0
|  23|0x0000000704c00000, 0x0000000704c00000, 0x0000000704e00000|  0%| F|  |TAMS 0x0000000704c00000| PB 0x0000000704c00000| Untracked |  0
|  24|0x0000000704e00000, 0x0000000704e00000, 0x0000000705000000|  0%| F|  |TAMS 0x0000000704e00000| PB 0x0000000704e00000| Untracked |  0
|  25|0x0000000705000000, 0x0000000705000000, 0x0000000705200000|  0%| F|  |TAMS 0x0000000705000000| PB 0x0000000705000000| Untracked |  0
|  26|0x0000000705200000, 0x0000000705200000, 0x0000000705400000|  0%| F|  |TAMS 0x0000000705200000| PB 0x0000000705200000| Untracked |  0
|  27|0x0000000705400000, 0x0000000705400000, 0x0000000705600000|  0%| F|  |TAMS 0x0000000705400000| PB 0x0000000705400000| Untracked |  0
|  28|0x0000000705600000, 0x0000000705600000, 0x0000000705800000|  0%| F|  |TAMS 0x0000000705600000| PB 0x0000000705600000| Untracked |  0
|  29|0x0000000705800000, 0x0000000705800000, 0x0000000705a00000|  0%| F|  |TAMS 0x0000000705800000| PB 0x0000000705800000| Untracked |  0
|  30|0x0000000705a00000, 0x0000000705a00000, 0x0000000705c00000|  0%| F|  |TAMS 0x0000000705a00000| PB 0x0000000705a00000| Untracked |  0
|  31|0x0000000705c00000, 0x0000000705c00000, 0x0000000705e00000|  0%| F|  |TAMS 0x0000000705c00000| PB 0x0000000705c00000| Untracked |  0
|  32|0x0000000705e00000, 0x0000000705e00000, 0x0000000706000000|  0%| F|  |TAMS 0x0000000705e00000| PB 0x0000000705e00000| Untracked |  0
|  33|0x0000000706000000, 0x0000000706000000, 0x0000000706200000|  0%| F|  |TAMS 0x0000000706000000| PB 0x0000000706000000| Untracked |  0
|  34|0x0000000706200000, 0x0000000706200000, 0x0000000706400000|  0%| F|  |TAMS 0x0000000706200000| PB 0x0000000706200000| Untracked |  0
|  35|0x0000000706400000, 0x0000000706400000, 0x0000000706600000|  0%| F|  |TAMS 0x0000000706400000| PB 0x0000000706400000| Untracked |  0
|  36|0x0000000706600000, 0x0000000706600000, 0x0000000706800000|  0%| F|  |TAMS 0x0000000706600000| PB 0x0000000706600000| Untracked |  0
|  37|0x0000000706800000, 0x0000000706800000, 0x0000000706a00000|  0%| F|  |TAMS 0x0000000706800000| PB 0x0000000706800000| Untracked |  0
|  38|0x0000000706a00000, 0x0000000706a00000, 0x0000000706c00000|  0%| F|  |TAMS 0x0000000706a00000| PB 0x0000000706a00000| Untracked |  0
|  39|0x0000000706c00000, 0x0000000706c00000, 0x0000000706e00000|  0%| F|  |TAMS 0x0000000706c00000| PB 0x0000000706c00000| Untracked |  0
|  40|0x0000000706e00000, 0x0000000706e00000, 0x0000000707000000|  0%| F|  |TAMS 0x0000000706e00000| PB 0x0000000706e00000| Untracked |  0
|  41|0x0000000707000000, 0x0000000707000000, 0x0000000707200000|  0%| F|  |TAMS 0x0000000707000000| PB 0x0000000707000000| Untracked |  0
|  42|0x0000000707200000, 0x0000000707200000, 0x0000000707400000|  0%| F|  |TAMS 0x0000000707200000| PB 0x0000000707200000| Untracked |  0
|  43|0x0000000707400000, 0x0000000707400000, 0x0000000707600000|  0%| F|  |TAMS 0x0000000707400000| PB 0x0000000707400000| Untracked |  0
|  44|0x0000000707600000, 0x0000000707600000, 0x0000000707800000|  0%| F|  |TAMS 0x0000000707600000| PB 0x0000000707600000| Untracked |  0
|  45|0x0000000707800000, 0x0000000707800000, 0x0000000707a00000|  0%| F|  |TAMS 0x0000000707800000| PB 0x0000000707800000| Untracked |  0
|  46|0x0000000707a00000, 0x0000000707a00000, 0x0000000707c00000|  0%| F|  |TAMS 0x0000000707a00000| PB 0x0000000707a00000| Untracked |  0
|  47|0x0000000707c00000, 0x0000000707c00000, 0x0000000707e00000|  0%| F|  |TAMS 0x0000000707c00000| PB 0x0000000707c00000| Untracked |  0
|  48|0x0000000707e00000, 0x0000000707e00000, 0x0000000708000000|  0%| F|  |TAMS 0x0000000707e00000| PB 0x0000000707e00000| Untracked |  0
|  49|0x0000000708000000, 0x0000000708000000, 0x0000000708200000|  0%| F|  |TAMS 0x0000000708000000| PB 0x0000000708000000| Untracked |  0
|  50|0x0000000708200000, 0x0000000708200000, 0x0000000708400000|  0%| F|  |TAMS 0x0000000708200000| PB 0x0000000708200000| Untracked |  0
|  51|0x0000000708400000, 0x0000000708400000, 0x0000000708600000|  0%| F|  |TAMS 0x0000000708400000| PB 0x0000000708400000| Untracked |  0
|  52|0x0000000708600000, 0x0000000708600000, 0x0000000708800000|  0%| F|  |TAMS 0x0000000708600000| PB 0x0000000708600000| Untracked |  0
|  53|0x0000000708800000, 0x0000000708800000, 0x0000000708a00000|  0%| F|  |TAMS 0x0000000708800000| PB 0x0000000708800000| Untracked |  0
|  54|0x0000000708a00000, 0x0000000708a00000, 0x0000000708c00000|  0%| F|  |TAMS 0x0000000708a00000| PB 0x0000000708a00000| Untracked |  0
|  55|0x0000000708c00000, 0x0000000708c00000, 0x0000000708e00000|  0%| F|  |TAMS 0x0000000708c00000| PB 0x0000000708c00000| Untracked |  0
|  56|0x0000000708e00000, 0x0000000708e00000, 0x0000000709000000|  0%| F|  |TAMS 0x0000000708e00000| PB 0x0000000708e00000| Untracked |  0
|  57|0x0000000709000000, 0x0000000709000000, 0x0000000709200000|  0%| F|  |TAMS 0x0000000709000000| PB 0x0000000709000000| Untracked |  0
|  58|0x0000000709200000, 0x0000000709200000, 0x0000000709400000|  0%| F|  |TAMS 0x0000000709200000| PB 0x0000000709200000| Untracked |  0
|  59|0x0000000709400000, 0x0000000709400000, 0x0000000709600000|  0%| F|  |TAMS 0x0000000709400000| PB 0x0000000709400000| Untracked |  0
|  60|0x0000000709600000, 0x0000000709600000, 0x0000000709800000|  0%| F|  |TAMS 0x0000000709600000| PB 0x0000000709600000| Untracked |  0
|  61|0x0000000709800000, 0x0000000709800000, 0x0000000709a00000|  0%| F|  |TAMS 0x0000000709800000| PB 0x0000000709800000| Untracked |  0
|  62|0x0000000709a00000, 0x0000000709a00000, 0x0000000709c00000|  0%| F|  |TAMS 0x0000000709a00000| PB 0x0000000709a00000| Untracked |  0
|  63|0x0000000709c00000, 0x0000000709c00000, 0x0000000709e00000|  0%| F|  |TAMS 0x0000000709c00000| PB 0x0000000709c00000| Untracked |  0
|  64|0x0000000709e00000, 0x0000000709e00000, 0x000000070a000000|  0%| F|  |TAMS 0x0000000709e00000| PB 0x0000000709e00000| Untracked |  0
|  65|0x000000070a000000, 0x000000070a000000, 0x000000070a200000|  0%| F|  |TAMS 0x000000070a000000| PB 0x000000070a000000| Untracked |  0
|  66|0x000000070a200000, 0x000000070a200000, 0x000000070a400000|  0%| F|  |TAMS 0x000000070a200000| PB 0x000000070a200000| Untracked |  0
|  67|0x000000070a400000, 0x000000070a400000, 0x000000070a600000|  0%| F|  |TAMS 0x000000070a400000| PB 0x000000070a400000| Untracked |  0
|  68|0x000000070a600000, 0x000000070a600000, 0x000000070a800000|  0%| F|  |TAMS 0x000000070a600000| PB 0x000000070a600000| Untracked |  0
|  69|0x000000070a800000, 0x000000070a800000, 0x000000070aa00000|  0%| F|  |TAMS 0x000000070a800000| PB 0x000000070a800000| Untracked |  0
|  70|0x000000070aa00000, 0x000000070aa00000, 0x000000070ac00000|  0%| F|  |TAMS 0x000000070aa00000| PB 0x000000070aa00000| Untracked |  0
|  71|0x000000070ac00000, 0x000000070ac00000, 0x000000070ae00000|  0%| F|  |TAMS 0x000000070ac00000| PB 0x000000070ac00000| Untracked |  0
|  72|0x000000070ae00000, 0x000000070ae00000, 0x000000070b000000|  0%| F|  |TAMS 0x000000070ae00000| PB 0x000000070ae00000| Untracked |  0
|  73|0x000000070b000000, 0x000000070b000000, 0x000000070b200000|  0%| F|  |TAMS 0x000000070b000000| PB 0x000000070b000000| Untracked |  0
|  74|0x000000070b200000, 0x000000070b200000, 0x000000070b400000|  0%| F|  |TAMS 0x000000070b200000| PB 0x000000070b200000| Untracked |  0
|  75|0x000000070b400000, 0x000000070b400000, 0x000000070b600000|  0%| F|  |TAMS 0x000000070b400000| PB 0x000000070b400000| Untracked |  0
|  76|0x000000070b600000, 0x000000070b600000, 0x000000070b800000|  0%| F|  |TAMS 0x000000070b600000| PB 0x000000070b600000| Untracked |  0
|  77|0x000000070b800000, 0x000000070b800000, 0x000000070ba00000|  0%| F|  |TAMS 0x000000070b800000| PB 0x000000070b800000| Untracked |  0
|  78|0x000000070ba00000, 0x000000070ba00000, 0x000000070bc00000|  0%| F|  |TAMS 0x000000070ba00000| PB 0x000000070ba00000| Untracked |  0
|  79|0x000000070bc00000, 0x000000070bc00000, 0x000000070be00000|  0%| F|  |TAMS 0x000000070bc00000| PB 0x000000070bc00000| Untracked |  0
|  80|0x000000070be00000, 0x000000070be00000, 0x000000070c000000|  0%| F|  |TAMS 0x000000070be00000| PB 0x000000070be00000| Untracked |  0
|  81|0x000000070c000000, 0x000000070c000000, 0x000000070c200000|  0%| F|  |TAMS 0x000000070c000000| PB 0x000000070c000000| Untracked |  0
|  82|0x000000070c200000, 0x000000070c200000, 0x000000070c400000|  0%| F|  |TAMS 0x000000070c200000| PB 0x000000070c200000| Untracked |  0
|  83|0x000000070c400000, 0x000000070c400000, 0x000000070c600000|  0%| F|  |TAMS 0x000000070c400000| PB 0x000000070c400000| Untracked |  0
|  84|0x000000070c600000, 0x000000070c600000, 0x000000070c800000|  0%| F|  |TAMS 0x000000070c600000| PB 0x000000070c600000| Untracked |  0
|  85|0x000000070c800000, 0x000000070c800000, 0x000000070ca00000|  0%| F|  |TAMS 0x000000070c800000| PB 0x000000070c800000| Untracked |  0
|  86|0x000000070ca00000, 0x000000070ca00000, 0x000000070cc00000|  0%| F|  |TAMS 0x000000070ca00000| PB 0x000000070ca00000| Untracked |  0
|  87|0x000000070cc00000, 0x000000070cc00000, 0x000000070ce00000|  0%| F|  |TAMS 0x000000070cc00000| PB 0x000000070cc00000| Untracked |  0
|  88|0x000000070ce00000, 0x000000070ce00000, 0x000000070d000000|  0%| F|  |TAMS 0x000000070ce00000| PB 0x000000070ce00000| Untracked |  0
|  89|0x000000070d000000, 0x000000070d000000, 0x000000070d200000|  0%| F|  |TAMS 0x000000070d000000| PB 0x000000070d000000| Untracked |  0
|  90|0x000000070d200000, 0x000000070d200000, 0x000000070d400000|  0%| F|  |TAMS 0x000000070d200000| PB 0x000000070d200000| Untracked |  0
|  91|0x000000070d400000, 0x000000070d400000, 0x000000070d600000|  0%| F|  |TAMS 0x000000070d400000| PB 0x000000070d400000| Untracked |  0
|  92|0x000000070d600000, 0x000000070d600000, 0x000000070d800000|  0%| F|  |TAMS 0x000000070d600000| PB 0x000000070d600000| Untracked |  0
|  93|0x000000070d800000, 0x000000070d800000, 0x000000070da00000|  0%| F|  |TAMS 0x000000070d800000| PB 0x000000070d800000| Untracked |  0
|  94|0x000000070da00000, 0x000000070da00000, 0x000000070dc00000|  0%| F|  |TAMS 0x000000070da00000| PB 0x000000070da00000| Untracked |  0
|  95|0x000000070dc00000, 0x000000070dc00000, 0x000000070de00000|  0%| F|  |TAMS 0x000000070dc00000| PB 0x000000070dc00000| Untracked |  0
|  96|0x000000070de00000, 0x000000070de00000, 0x000000070e000000|  0%| F|  |TAMS 0x000000070de00000| PB 0x000000070de00000| Untracked |  0
|  97|0x000000070e000000, 0x000000070e000000, 0x000000070e200000|  0%| F|  |TAMS 0x000000070e000000| PB 0x000000070e000000| Untracked |  0
|  98|0x000000070e200000, 0x000000070e200000, 0x000000070e400000|  0%| F|  |TAMS 0x000000070e200000| PB 0x000000070e200000| Untracked |  0
|  99|0x000000070e400000, 0x000000070e400000, 0x000000070e600000|  0%| F|  |TAMS 0x000000070e400000| PB 0x000000070e400000| Untracked |  0
| 100|0x000000070e600000, 0x000000070e600000, 0x000000070e800000|  0%| F|  |TAMS 0x000000070e600000| PB 0x000000070e600000| Untracked |  0
| 101|0x000000070e800000, 0x000000070e800000, 0x000000070ea00000|  0%| F|  |TAMS 0x000000070e800000| PB 0x000000070e800000| Untracked |  0
| 102|0x000000070ea00000, 0x000000070ea00000, 0x000000070ec00000|  0%| F|  |TAMS 0x000000070ea00000| PB 0x000000070ea00000| Untracked |  0
| 103|0x000000070ec00000, 0x000000070ec00000, 0x000000070ee00000|  0%| F|  |TAMS 0x000000070ec00000| PB 0x000000070ec00000| Untracked |  0
| 104|0x000000070ee00000, 0x000000070ee00000, 0x000000070f000000|  0%| F|  |TAMS 0x000000070ee00000| PB 0x000000070ee00000| Untracked |  0
| 105|0x000000070f000000, 0x000000070f000000, 0x000000070f200000|  0%| F|  |TAMS 0x000000070f000000| PB 0x000000070f000000| Untracked |  0
| 106|0x000000070f200000, 0x000000070f200000, 0x000000070f400000|  0%| F|  |TAMS 0x000000070f200000| PB 0x000000070f200000| Untracked |  0
| 107|0x000000070f400000, 0x000000070f400000, 0x000000070f600000|  0%| F|  |TAMS 0x000000070f400000| PB 0x000000070f400000| Untracked |  0
| 108|0x000000070f600000, 0x000000070f600000, 0x000000070f800000|  0%| F|  |TAMS 0x000000070f600000| PB 0x000000070f600000| Untracked |  0
| 109|0x000000070f800000, 0x000000070f800000, 0x000000070fa00000|  0%| F|  |TAMS 0x000000070f800000| PB 0x000000070f800000| Untracked |  0
| 110|0x000000070fa00000, 0x000000070fa00000, 0x000000070fc00000|  0%| F|  |TAMS 0x000000070fa00000| PB 0x000000070fa00000| Untracked |  0
| 111|0x000000070fc00000, 0x000000070fc00000, 0x000000070fe00000|  0%| F|  |TAMS 0x000000070fc00000| PB 0x000000070fc00000| Untracked |  0
| 112|0x000000070fe00000, 0x000000070fe00000, 0x0000000710000000|  0%| F|  |TAMS 0x000000070fe00000| PB 0x000000070fe00000| Untracked |  0
| 113|0x0000000710000000, 0x0000000710000000, 0x0000000710200000|  0%| F|  |TAMS 0x0000000710000000| PB 0x0000000710000000| Untracked |  0
| 114|0x0000000710200000, 0x0000000710200000, 0x0000000710400000|  0%| F|  |TAMS 0x0000000710200000| PB 0x0000000710200000| Untracked |  0
| 115|0x0000000710400000, 0x0000000710400000, 0x0000000710600000|  0%| F|  |TAMS 0x0000000710400000| PB 0x0000000710400000| Untracked |  0
| 116|0x0000000710600000, 0x0000000710600000, 0x0000000710800000|  0%| F|  |TAMS 0x0000000710600000| PB 0x0000000710600000| Untracked |  0
| 117|0x0000000710800000, 0x0000000710800000, 0x0000000710a00000|  0%| F|  |TAMS 0x0000000710800000| PB 0x0000000710800000| Untracked |  0
| 118|0x0000000710a00000, 0x0000000710a00000, 0x0000000710c00000|  0%| F|  |TAMS 0x0000000710a00000| PB 0x0000000710a00000| Untracked |  0
| 119|0x0000000710c00000, 0x0000000710dec8d0, 0x0000000710e00000| 96%| E|  |TAMS 0x0000000710c00000| PB 0x0000000710c00000| Complete |  0
| 120|0x0000000710e00000, 0x0000000711000000, 0x0000000711000000|100%| E|CS|TAMS 0x0000000710e00000| PB 0x0000000710e00000| Complete |  0
| 121|0x0000000711000000, 0x0000000711200000, 0x0000000711200000|100%| E|CS|TAMS 0x0000000711000000| PB 0x0000000711000000| Complete |  0
| 122|0x0000000711200000, 0x0000000711400000, 0x0000000711400000|100%| E|CS|TAMS 0x0000000711200000| PB 0x0000000711200000| Complete |  0
| 123|0x0000000711400000, 0x0000000711600000, 0x0000000711600000|100%| E|CS|TAMS 0x0000000711400000| PB 0x0000000711400000| Complete |  0
| 124|0x0000000711600000, 0x0000000711800000, 0x0000000711800000|100%| E|CS|TAMS 0x0000000711600000| PB 0x0000000711600000| Complete |  0
| 125|0x0000000711800000, 0x0000000711a00000, 0x0000000711a00000|100%| E|CS|TAMS 0x0000000711800000| PB 0x0000000711800000| Complete |  0
| 126|0x0000000711a00000, 0x0000000711c00000, 0x0000000711c00000|100%| E|CS|TAMS 0x0000000711a00000| PB 0x0000000711a00000| Complete |  0
| 127|0x0000000711c00000, 0x0000000711e00000, 0x0000000711e00000|100%| E|CS|TAMS 0x0000000711c00000| PB 0x0000000711c00000| Complete |  0
|2032|0x00000007ffe00000, 0x00000007fff38730, 0x0000000800000000| 61%| O|  |TAMS 0x00000007ffe00000| PB 0x00000007ffe00000| Untracked |  0

Card table byte_map: [0x000001a5f82a0000,0x000001a5f8aa0000] _byte_map_base: 0x000001a5f4a91000

Marking Bits: (CMBitMap*) 0x000001a5ed80e880
 Bits: [0x000001a5f8aa0000, 0x000001a5fca28000)

Polling page: 0x000001a5eb860000

Metaspace:
Metaspace        used 3578K, committed 3968K, reserved 1114112K
 class space     used 352K, committed 512K, reserved 1048576K

Usage:
  Non-class:      3.15 MB used.
      Class:    352.57 KB used.
       Both:      3.49 MB used.

Virtual space:
  Non-class space:       64.00 MB reserved,       3.38 MB (  5%) committed,  1 nodes.
      Class space:        1.00 GB reserved,     512.00 KB ( <1%) committed,  1 nodes.
             Both:        1.06 GB reserved,       3.88 MB ( <1%) committed. 

Chunk freelists:
   Non-Class:  11.45 MB
       Class:  15.50 MB
        Both:  26.95 MB

MaxMetaspaceSize: unlimited
CompressedClassSpaceSize: 1.00 GB
Initial GC threshold: 21.00 MB
Current GC threshold: 21.00 MB
CDS: on
 - commit_granule_bytes: 65536.
 - commit_granule_words: 8192.
 - virtual_space_node_default_size: 8388608.
 - enlarge_chunks_in_place: 1.
UseCompressedClassPointers 1, UseCompactObjectHeaders 0
Narrow klass pointer bits 32, Max shift 3
Narrow klass base: 0x0000000095000000, Narrow klass shift: 0
Encoding Range: [0x0000000095000000 - 0x0000000195000000), (4294967296 bytes)
Klass Range:    [0x0000000095010000 - 0x00000000d6000000), (1090453504 bytes)
Klass ID Range:  [65536 - 1090519033) (1090453497)
Protection zone: [0x0000000095000000 - 0x0000000095010000), (65536 bytes)


Internal statistics:

num_allocs_failed_limit: 0.
num_arena_births: 454.
num_arena_deaths: 0.
num_vsnodes_births: 2.
num_vsnodes_deaths: 0.
num_space_committed: 62.
num_space_uncommitted: 0.
num_chunks_returned_to_freelist: 0.
num_chunks_taken_from_freelist: 540.
num_chunk_merges: 0.
num_chunk_splits: 346.
num_chunks_enlarged: 158.
num_inconsistent_stats: 0.

CodeHeap 'non-profiled nmethods': size=119808Kb used=330Kb max_used=330Kb free=119477Kb
 bounds [0x000001a587b00000, 0x000001a587d70000, 0x000001a58f000000]
CodeHeap 'profiled nmethods': size=119744Kb used=2432Kb max_used=2432Kb free=117311Kb
 bounds [0x000001a580000000, 0x000001a580270000, 0x000001a5874f0000]
CodeHeap 'non-nmethods': size=6208Kb used=1973Kb max_used=1980Kb free=4234Kb
 bounds [0x000001a5874f0000, 0x000001a587760000, 0x000001a587b00000]
CodeCache: size=245760Kb, used=4735Kb, max_used=4742Kb, free=241022Kb
 total_blobs=1742, nmethods=1237, adapters=404, full_count=0
Compilation: enabled, stopped_count=0, restarted_count=0

JVMCI Events (20 events):
Event: 0.056 Thread 0x000001a5ff325fc0 initialized JavaVM references in JVMCI runtime 0
Event: 0.056 Thread 0x000001a5ff325fc0 initialized JVMCI runtime 0
Event: 0.077 Thread 0x000001a5ff555840 created new CompileBroker JVMCI runtime 1 (0x000001a5ff5565e0)
Event: 0.077 Thread 0x000001a5ff555840 attached to JVMCI runtime 1
Event: 0.080 Thread 0x000001a5ff555840 created JavaVM[1]@0x000001ae001f1298 for JVMCI runtime 1
Event: 0.080 Thread 0x000001a5ff555840 initializing JVMCI runtime 1
Event: 0.080 Thread 0x000001a5ff555840 done waiting for JavaVM references initialization in JVMCI runtime 1
Event: 0.080 Thread 0x000001a5ff555840 initialized JVMCI runtime 1
Event: 0.089 Thread 0x000001a5eb495af0 created new Compiler JVMCI runtime 2 (0x000001a5ff5563b0)
Event: 0.089 Thread 0x000001a5eb495af0 attached to JVMCI runtime 2
Event: 0.091 Thread 0x000001a5eb495af0 created JavaVM[2]@0x000001b6001f1298 for JVMCI runtime 2
Event: 0.091 Thread 0x000001a5eb495af0 initializing JVMCI runtime 2
Event: 0.091 Thread 0x000001a5eb495af0 done waiting for JavaVM references initialization in JVMCI runtime 2
Event: 0.092 Thread 0x000001a5eb495af0 initialized JVMCI runtime 2
Event: 0.538 Thread 0x000001a5ff555840 detaching from JVMCI runtime 1: stopping idle compiler thread (0 other threads still attached)
Event: 0.538 Thread 0x000001a5ff555840 shutting down HotSpotJVMCIRuntime for JVMCI runtime 1
Event: 0.538 Thread 0x000001a5ff555840 shut down JVMCI runtime 1
Event: 0.541 Thread 0x000001a5ff555840 destroyed JavaVM[1]@0x000001ae001f1298 for JVMCI runtime 1
Event: 0.541 Thread 0x000001a5ff555840 releasing handles for JVMCI runtime 1: oop handles=58, metadata handles={total=99, live=98, blocks=4}
Event: 0.541 Thread 0x000001a5ff555840 detached from JVMCI runtime 1

Compilation events (20 events):
Event: 0.790 Thread 0x000001a5ff552500 nmethod 1217 0x000001a580252a08 code [0x000001a580252b00, 0x000001a580253338]
Event: 0.790 Thread 0x000001a5ff552500 1220       3       java.lang.invoke.InvokerBytecodeGenerator::lookupPregenerated (318 bytes)
Event: 0.790 Thread 0x000001a5ff326e30 nmethod 1219 0x000001a580253388 code [0x000001a580253480, 0x000001a580253768]
Event: 0.790 Thread 0x000001a5ff326e30 1222       3       jdk.internal.classfile.impl.DirectFieldBuilder::<init> (42 bytes)
Event: 0.791 Thread 0x000001a5ff326e30 nmethod 1222 0x000001a580253788 code [0x000001a580253880, 0x000001a580254710]
Event: 0.791 Thread 0x000001a5ff326e30 1223       3       jdk.internal.classfile.impl.DirectClassBuilder::withField (54 bytes)
Event: 0.791 Thread 0x000001a5ff326e30 nmethod 1223 0x000001a580254788 code [0x000001a580254880, 0x000001a5802551d8]
Event: 0.791 Thread 0x000001a5ff326e30 1230       3       java.util.Arrays::fill (28 bytes)
Event: 0.791 Thread 0x000001a5ff552500 nmethod 1220 0x000001a580255208 code [0x000001a580255300, 0x000001a580258450]
Event: 0.791 Thread 0x000001a5ff552500 1224       3       jdk.internal.classfile.impl.DirectFieldBuilder::writeTo (33 bytes)
Event: 0.791 Thread 0x000001a5ff326e30 nmethod 1230 0x000001a580258488 code [0x000001a580258580, 0x000001a580258a30]
Event: 0.792 Thread 0x000001a5ff326e30 1228       3       java.lang.invoke.InvokerBytecodeGenerator::assertStaticType (58 bytes)
Event: 0.792 Thread 0x000001a5ff326e30 nmethod 1228 0x000001a580258a88 code [0x000001a580258b80, 0x000001a5802596b0]
Event: 0.792 Thread 0x000001a5ff326e30 1227       3       jdk.internal.util.DecimalDigits::uncheckedPutCharLatin1 (40 bytes)
Event: 0.792 Thread 0x000001a5ff326e30 nmethod 1227 0x000001a580259708 code [0x000001a580259800, 0x000001a580259910]
Event: 0.792 Thread 0x000001a5ff326e30 1229       3       java.lang.invoke.LambdaForm$Name::<init> (20 bytes)
Event: 0.793 Thread 0x000001a5ff326e30 nmethod 1229 0x000001a580259a08 code [0x000001a580259b00, 0x000001a58025ad08]
Event: 0.793 Thread 0x000001a5ff326e30 1235       3       jdk.internal.classfile.impl.DirectCodeBuilder::invokestatic (22 bytes)
Event: 0.793 Thread 0x000001a5ff552500 nmethod 1224 0x000001a58025ad88 code [0x000001a58025ae80, 0x000001a58025f4f8]
Event: 0.794 Thread 0x000001a5ff326e30 nmethod 1235 0x000001a58025f508 code [0x000001a58025f600, 0x000001a580260140]

GC Heap Usage History (0 events):
No events

Metaspace Usage History (0 events):
No events

Dll operation events (8 events):
Event: 0.011 Loaded shared library C:\Users\Kinsley\.jdks\graalvm-ce-25.0.1\bin\java.dll
Event: 0.050 Loaded shared library C:\Users\Kinsley\.jdks\graalvm-ce-25.0.1\bin\jvmcicompiler.dll
Event: 0.112 Loaded shared library C:\Users\Kinsley\.jdks\graalvm-ce-25.0.1\bin\jimage.dll
Event: 0.127 Loaded shared library C:\Users\Kinsley\.jdks\graalvm-ce-25.0.1\bin\net.dll
Event: 0.129 Loaded shared library C:\Users\Kinsley\.jdks\graalvm-ce-25.0.1\bin\nio.dll
Event: 0.538 Loaded shared library C:\Users\Kinsley\AppData\Local\Temp\rust_webrtc_ffi653039254703895992.dll
Event: 0.573 Loaded shared library C:\Windows\System32\ucrtbase.dll
Event: 0.576 Loaded shared library C:\Users\Kinsley\.jdks\graalvm-ce-25.0.1\bin\syslookup.dll

Deoptimization events (4 events):
Event: 0.142 Thread 0x000001a5eb495af0 Uncommon trap: trap_request=0xffffffed fr.pc=0x000001a587b0e540 relative=0x00000000000008a0
Event: 0.142 Thread 0x000001a5eb495af0 Uncommon trap: reason=null_assert_or_unreached0 action=reinterpret pc=0x000001a587b0e540 method=java.util.HashMap.putVal(ILjava/lang/Object;Ljava/lang/Object;ZZ)Ljava/lang/Object; @ 29 jvmci
Event: 0.142 Thread 0x000001a5eb495af0 DEOPT PACKING pc=0x000001a587b0e540 sp=0x00000060206fe0f0
Event: 0.142 Thread 0x000001a5eb495af0 DEOPT UNPACKING pc=0x000001a587540983 sp=0x00000060206fd570 mode 3

Classes loaded (20 events):
Event: 0.693 Loading class java/lang/invoke/MethodHandleImpl$WrappedMember
Event: 0.693 Loading class java/lang/invoke/MethodHandleImpl$WrappedMember done
Event: 0.694 Loading class jdk/internal/foreign/abi/UpcallStubs
Event: 0.694 Loading class jdk/internal/foreign/abi/UpcallStubs done
Event: 0.694 Loading class jdk/internal/foreign/abi/UpcallStubs$1
Event: 0.695 Loading class jdk/internal/foreign/abi/UpcallStubs$1 done
Event: 0.705 Loading class jdk/internal/foreign/abi/Binding$Cast$1
Event: 0.705 Loading class jdk/internal/foreign/abi/Binding$Cast$1 done
Event: 0.705 Loading class jdk/internal/foreign/abi/BindingSpecializer$1
Event: 0.705 Loading class jdk/internal/foreign/abi/BindingSpecializer$1 done
Event: 0.783 Loading class java/lang/Thread$ThreadNumbering
Event: 0.783 Loading class java/lang/Thread$ThreadNumbering done
Event: 0.785 Loading class jdk/internal/util/Architecture
Event: 0.785 Loading class jdk/internal/util/Architecture done
Event: 0.793 Loading class java/util/concurrent/locks/AbstractQueuedSynchronizer$ExclusiveNode
Event: 0.794 Loading class java/util/concurrent/locks/AbstractQueuedSynchronizer$Node
Event: 0.794 Loading class java/util/concurrent/locks/AbstractQueuedSynchronizer$Node done
Event: 0.794 Loading class java/util/concurrent/locks/AbstractQueuedSynchronizer$ExclusiveNode done
Event: 0.794 Loading class java/util/concurrent/locks/AbstractQueuedSynchronizer$SharedNode
Event: 0.794 Loading class java/util/concurrent/locks/AbstractQueuedSynchronizer$SharedNode done

Classes unloaded (0 events):
No events

Classes redefined (0 events):
No events

Internal exceptions (20 events):
Event: 0.755 Thread 0x000001a5eb495af0 Exception <a 'java/lang/NoSuchMethodError'{0x00000007111fb0e8}: 'void java.lang.invoke.DirectMethodHandle$Holder.invokeSpecial(java.lang.Object, java.lang.Object, int)'> (0x00000007111fb0e8) 
thrown [s\src\hotspot\share\interpreter\linkResolver.cpp, line 804]
Event: 0.756 Thread 0x000001a5eb495af0 Exception <a 'java/lang/NoSuchMethodError'{0x0000000710e06868}: 'void java.lang.invoke.Invokers$Holder.exactInvoker(java.lang.Object, java.lang.Object, int)'> (0x0000000710e06868) 
thrown [s\src\hotspot\share\interpreter\linkResolver.cpp, line 804]
Event: 0.756 Thread 0x000001a5eb495af0 Exception <a 'java/lang/NoSuchMethodError'{0x0000000710e0ecd0}: 'void java.lang.invoke.DelegatingMethodHandle$Holder.delegate(java.lang.Object, java.lang.Object, int)'> (0x0000000710e0ecd0) 
thrown [s\src\hotspot\share\interpreter\linkResolver.cpp, line 804]
Event: 0.761 Thread 0x000001a5eb495af0 Exception <a 'java/lang/NoSuchMethodError'{0x0000000710e41900}: 'void java.lang.invoke.DirectMethodHandle$Holder.invokeStaticInit(java.lang.Object, java.lang.Object, java.lang.Object, int, java.lang.Object, java.lang.Object, java.lang.Object)'> (0x0000000710e41900) 
thrown [s\src\hotspot\share\interpreter\linkResolver.cpp, line 804]
Event: 0.762 Thread 0x000001a5eb495af0 Exception <a 'java/lang/NoSuchMethodError'{0x0000000710e51f98}: 'void java.lang.invoke.DelegatingMethodHandle$Holder.reinvoke_L(java.lang.Object, java.lang.Object, java.lang.Object, int, java.lang.Object, java.lang.Object, java.lang.Object)'> (0x0000000710e51f98) 
thrown [s\src\hotspot\share\interpreter\linkResolver.cpp, line 804]
Event: 0.764 Thread 0x000001a5eb495af0 Exception <a 'java/lang/NoSuchMethodError'{0x0000000710e7c740}: 'void java.lang.invoke.DirectMethodHandle$Holder.invokeSpecial(java.lang.Object, java.lang.Object, int, java.lang.Object, java.lang.Object, java.lang.Object)'> (0x0000000710e7c740) 
thrown [s\src\hotspot\share\interpreter\linkResolver.cpp, line 804]
Event: 0.770 Thread 0x000001a5eb495af0 Exception <a 'java/lang/NoSuchMethodError'{0x0000000710eb6cd0}: 'java.lang.Object java.lang.invoke.DirectMethodHandle$Holder.invokeStatic(java.lang.Object, java.lang.Object, java.lang.Object, java.lang.Object, int)'> (0x0000000710eb6cd0) 
thrown [s\src\hotspot\share\interpreter\linkResolver.cpp, line 804]
Event: 0.770 Thread 0x000001a5eb495af0 Exception <a 'java/lang/NoSuchMethodError'{0x0000000710ebed00}: 'java.lang.Object java.lang.invoke.DirectMethodHandle$Holder.invokeStaticInit(java.lang.Object, java.lang.Object, java.lang.Object, java.lang.Object, int)'> (0x0000000710ebed00) 
thrown [s\src\hotspot\share\interpreter\linkResolver.cpp, line 804]
Event: 0.771 Thread 0x000001a5eb495af0 Exception <a 'java/lang/NoSuchMethodError'{0x0000000710ec74d0}: 'java.lang.Object java.lang.invoke.DirectMethodHandle$Holder.invokeSpecial(java.lang.Object, java.lang.Object, java.lang.Object, java.lang.Object, java.lang.Object, int)'> (0x0000000710ec74d0) 
thrown [s\src\hotspot\share\interpreter\linkResolver.cpp, line 804]
Event: 0.772 Thread 0x000001a5eb495af0 Exception <a 'java/lang/NoSuchMethodError'{0x0000000710ef17f0}: 'java.lang.Object java.lang.invoke.Invokers$Holder.invokeExact_MT(java.lang.Object, java.lang.Object, int, java.lang.Object)'> (0x0000000710ef17f0) 
thrown [s\src\hotspot\share\interpreter\linkResolver.cpp, line 804]
Event: 0.778 Thread 0x000001a5eb495af0 Exception <a 'java/lang/NoSuchMethodError'{0x0000000710f29110}: 'int java.lang.invoke.DirectMethodHandle$Holder.invokeStaticInit(java.lang.Object, java.lang.Object, java.lang.Object, java.lang.Object, java.lang.Object)'> (0x0000000710f29110) 
thrown [s\src\hotspot\share\interpreter\linkResolver.cpp, line 804]
Event: 0.779 Thread 0x000001a5eb495af0 Exception <a 'java/lang/NoSuchMethodError'{0x0000000710f39458}: 'int java.lang.invoke.DelegatingMethodHandle$Holder.reinvoke_L(java.lang.Object, java.lang.Object, java.lang.Object, java.lang.Object, java.lang.Object)'> (0x0000000710f39458) 
thrown [s\src\hotspot\share\interpreter\linkResolver.cpp, line 804]
Event: 0.781 Thread 0x000001a5eb495af0 Exception <a 'java/lang/NoSuchMethodError'{0x0000000710f62d80}: 'int java.lang.invoke.Invokers$Holder.invokeExact_MT(java.lang.Object, java.lang.Object, java.lang.Object, java.lang.Object)'> (0x0000000710f62d80) 
thrown [s\src\hotspot\share\interpreter\linkResolver.cpp, line 804]
Event: 0.784 Thread 0x000001a593a1ec90 Exception <a 'java/lang/NoSuchMethodError'{0x0000000710ff01b0}: 'void java.lang.invoke.Invokers$Holder.invokeExact_MT(java.lang.Object, java.lang.Object, java.lang.Object, java.lang.Object, java.lang.Object)'> (0x0000000710ff01b0) 
thrown [s\src\hotspot\share\interpreter\linkResolver.cpp, line 804]
Event: 0.786 Thread 0x000001a593a1f450 Exception <a 'java/lang/NoSuchMethodError'{0x0000000710c00578}: 'void java.lang.invoke.Invokers$Holder.invokeExact_MT(java.lang.Object, java.lang.Object, int, java.lang.Object)'> (0x0000000710c00578) 
thrown [s\src\hotspot\share\interpreter\linkResolver.cpp, line 804]
Event: 0.789 Thread 0x000001a593a1ec90 Exception <a 'java/lang/NoSuchMethodError'{0x0000000710d0a148}: 'int java.lang.invoke.DirectMethodHandle$Holder.invokeStatic(java.lang.Object, java.lang.Object, java.lang.Object, java.lang.Object, java.lang.Object, java.lang.Object, int)'> (0x0000000710d0a148) 
thrown [s\src\hotspot\share\interpreter\linkResolver.cpp, line 804]
Event: 0.789 Thread 0x000001a593a1ec90 Exception <a 'java/lang/NoSuchMethodError'{0x0000000710d12290}: 'int java.lang.invoke.DirectMethodHandle$Holder.invokeStaticInit(java.lang.Object, java.lang.Object, java.lang.Object, java.lang.Object, java.lang.Object, java.lang.Object, int)'> (0x0000000710d12290) 
thrown [s\src\hotspot\share\interpreter\linkResolver.cpp, line 804]
Event: 0.790 Thread 0x000001a593a1ec90 Exception <a 'java/lang/NoSuchMethodError'{0x0000000710d22920}: 'int java.lang.invoke.DelegatingMethodHandle$Holder.reinvoke_L(java.lang.Object, java.lang.Object, java.lang.Object, java.lang.Object, java.lang.Object, java.lang.Object, int)'> (0x0000000710d22920) 
thrown [s\src\hotspot\share\interpreter\linkResolver.cpp, line 804]
Event: 0.793 Thread 0x000001a593a1ec90 Exception <a 'java/lang/NoSuchMethodError'{0x0000000710d4c790}: 'int java.lang.invoke.DirectMethodHandle$Holder.invokeSpecial(java.lang.Object, java.lang.Object, java.lang.Object, java.lang.Object, java.lang.Object, int)'> (0x0000000710d4c790) 
thrown [s\src\hotspot\share\interpreter\linkResolver.cpp, line 804]
Event: 0.793 Thread 0x000001a593a1f450 Exception <a 'java/lang/NoSuchMethodError'{0x0000000710c0bef0}: 'int java.lang.invoke.DirectMethodHandle$Holder.invokeSpecial(java.lang.Object, java.lang.Object, java.lang.Object, java.lang.Object, java.lang.Object, int)'> (0x0000000710c0bef0) 
thrown [s\src\hotspot\share\interpreter\linkResolver.cpp, line 804]

VM Operations (2 events):
Event: 0.568 Executing non-safepoint VM operation: HandshakeAllThreads (Deoptimize)
Event: 0.568 Executing non-safepoint VM operation: HandshakeAllThreads (Deoptimize) done

Memory protections (0 events):
No events

Nmethod flushes (0 events):
No events

Events (16 events):
Event: 0.025 Thread 0x000001a5eb495af0 Thread added: 0x000001a5eb495af0
Event: 0.038 Thread 0x000001a5eb495af0 Thread added: 0x000001a5ff31be80
Event: 0.038 Thread 0x000001a5eb495af0 Thread added: 0x000001a5ff31c8e0
Event: 0.038 Thread 0x000001a5eb495af0 Thread added: 0x000001a5ff31f890
Event: 0.038 Thread 0x000001a5eb495af0 Thread added: 0x000001a5ff320930
Event: 0.038 Thread 0x000001a5eb495af0 Thread added: 0x000001a5ff321650
Event: 0.038 Thread 0x000001a5eb495af0 Thread added: 0x000001a5ff3297c0
Event: 0.039 Thread 0x000001a5eb495af0 Thread added: 0x000001a5ff325fc0
Event: 0.039 Thread 0x000001a5eb495af0 Thread added: 0x000001a5ff326e30
Event: 0.072 Thread 0x000001a5ff326e30 Thread added: 0x000001a5ff552500
Event: 0.077 Thread 0x000001a5ff552500 Thread added: 0x000001a5ff555840
Event: 0.102 Thread 0x000001a5eb495af0 Thread added: 0x000001a5ff5ac3f0
Event: 0.105 Thread 0x000001a5eb495af0 Thread added: 0x000001a5ff5b01b0
Event: 0.541 Thread 0x000001a5ff555840 Thread exited: 0x000001a5ff555840
Event: 0.783 Thread 0x000001a593a1ec90 Thread added: 0x000001a593a1ec90
Event: 0.785 Thread 0x000001a593a1f450 Thread added: 0x000001a593a1f450


Dynamic libraries:
0x00007ff7a0460000 - 0x00007ff7a046e000 	C:\Users\Kinsley\.jdks\graalvm-ce-25.0.1\bin\java.exe
0x00007ff82d2c0000 - 0x00007ff82d526000 	C:\WINDOWS\SYSTEM32\ntdll.dll
0x00007ff82c210000 - 0x00007ff82c2d9000 	C:\WINDOWS\System32\KERNEL32.DLL
0x00007ff82a6a0000 - 0x00007ff82aa9e000 	C:\WINDOWS\System32\KERNELBASE.dll
0x00007ff82ae60000 - 0x00007ff82afac000 	C:\WINDOWS\System32\ucrtbase.dll
0x00007fffe9330000 - 0x00007fffe934e000 	C:\Users\Kinsley\.jdks\graalvm-ce-25.0.1\bin\VCRUNTIME140.dll
0x00007fffe8c20000 - 0x00007fffe8c37000 	C:\Users\Kinsley\.jdks\graalvm-ce-25.0.1\bin\jli.dll
0x00007ff82bf60000 - 0x00007ff82c127000 	C:\WINDOWS\System32\USER32.dll
0x00007ff814750000 - 0x00007ff8149e2000 	C:\WINDOWS\WinSxS\amd64_microsoft.windows.common-controls_6595b64144ccf1df_6.0.26100.8875_none_3e0d5d42e32fe9dd\COMCTL32.dll
0x00007ff82afc0000 - 0x00007ff82afe7000 	C:\WINDOWS\System32\win32u.dll
0x00007ff82cc60000 - 0x00007ff82cd09000 	C:\WINDOWS\System32\msvcrt.dll
0x00007ff82d1d0000 - 0x00007ff82d1fb000 	C:\WINDOWS\System32\GDI32.dll
0x00007ff82a4e0000 - 0x00007ff82a60a000 	C:\WINDOWS\System32\gdi32full.dll
0x00007ff82ac30000 - 0x00007ff82acd3000 	C:\WINDOWS\System32\msvcp_win.dll
0x00007ff82c5b0000 - 0x00007ff82c5e2000 	C:\WINDOWS\System32\IMM32.DLL
0x00007ff8011a0000 - 0x00007ff8011ac000 	C:\Users\Kinsley\.jdks\graalvm-ce-25.0.1\bin\vcruntime140_1.dll
0x00007fffe8750000 - 0x00007fffe87dd000 	C:\Users\Kinsley\.jdks\graalvm-ce-25.0.1\bin\msvcp140.dll
0x00007fffcc420000 - 0x00007fffcd34d000 	C:\Users\Kinsley\.jdks\graalvm-ce-25.0.1\bin\server\jvm.dll
0x00007ff82cf10000 - 0x00007ff82cfc7000 	C:\WINDOWS\System32\ADVAPI32.dll
0x00007ff82cbb0000 - 0x00007ff82cc5a000 	C:\WINDOWS\System32\sechost.dll
0x00007ff82c2e0000 - 0x00007ff82c3f8000 	C:\WINDOWS\System32\RPCRT4.dll
0x00007ff82c160000 - 0x00007ff82c1e0000 	C:\WINDOWS\System32\WS2_32.dll
0x00007ff82a340000 - 0x00007ff82a39e000 	C:\WINDOWS\SYSTEM32\POWRPROF.dll
0x00007ff8087f0000 - 0x00007ff808826000 	C:\WINDOWS\SYSTEM32\WINMM.dll
0x00007ff827390000 - 0x00007ff82739b000 	C:\WINDOWS\SYSTEM32\VERSION.dll
0x00007ff82a320000 - 0x00007ff82a334000 	C:\WINDOWS\SYSTEM32\UMPDC.dll
0x00007ff829180000 - 0x00007ff82919b000 	C:\WINDOWS\SYSTEM32\kernel.appcore.dll
0x00007ff801090000 - 0x00007ff80109a000 	C:\Users\Kinsley\.jdks\graalvm-ce-25.0.1\bin\jimage.dll
0x00007ff821a80000 - 0x00007ff821cc2000 	C:\WINDOWS\SYSTEM32\DBGHELP.DLL
0x00007ff82c5f0000 - 0x00007ff82c973000 	C:\WINDOWS\System32\combase.dll
0x00007ff82c450000 - 0x00007ff82c529000 	C:\WINDOWS\System32\OLEAUT32.dll
0x00007ff807550000 - 0x00007ff80758b000 	C:\WINDOWS\SYSTEM32\dbgcore.DLL
0x00007ff82ada0000 - 0x00007ff82ae4c000 	C:\WINDOWS\System32\bcryptPrimitives.dll
0x00007fffe8370000 - 0x00007fffe838f000 	C:\Users\Kinsley\.jdks\graalvm-ce-25.0.1\bin\java.dll
0x00007ff82c980000 - 0x00007ff82cb19000 	C:\WINDOWS\System32\ole32.dll
0x00007ff82b590000 - 0x00007ff82bd22000 	C:\WINDOWS\System32\SHELL32.dll
0x00007ff827f60000 - 0x00007ff8287f2000 	C:\WINDOWS\SYSTEM32\windows.storage.dll
0x00007ff82bd40000 - 0x00007ff82be37000 	C:\WINDOWS\System32\SHCORE.dll
0x00007ff82d200000 - 0x00007ff82d267000 	C:\WINDOWS\System32\shlwapi.dll
0x00007ff82a400000 - 0x00007ff82a429000 	C:\WINDOWS\SYSTEM32\profapi.dll
0x00007fff8abe0000 - 0x00007fff8cfbc000 	C:\Users\Kinsley\.jdks\graalvm-ce-25.0.1\bin\jvmcicompiler.dll
0x00007ff82b480000 - 0x00007ff82b488000 	C:\WINDOWS\System32\PSAPI.DLL
0x00007ff8297d0000 - 0x00007ff829802000 	C:\WINDOWS\SYSTEM32\USERENV.dll
0x00007ff82aab0000 - 0x00007ff82ac28000 	C:\WINDOWS\System32\CRYPT32.dll
0x00007ff829cb0000 - 0x00007ff829ce0000 	C:\WINDOWS\SYSTEM32\ncrypt.dll
0x00007ff828b30000 - 0x00007ff828b63000 	C:\WINDOWS\SYSTEM32\IPHLPAPI.DLL
0x00007ff829710000 - 0x00007ff82977c000 	C:\WINDOWS\SYSTEM32\MSWSOCK.dll
0x00007ff829c60000 - 0x00007ff829c9f000 	C:\WINDOWS\SYSTEM32\NTASN1.dll
0x00007fffe8350000 - 0x00007fffe8362000 	C:\Users\Kinsley\.jdks\graalvm-ce-25.0.1\bin\net.dll
0x00007fffe8330000 - 0x00007fffe8346000 	C:\Users\Kinsley\.jdks\graalvm-ce-25.0.1\bin\nio.dll
0x00007ff829b40000 - 0x00007ff829b5b000 	C:\WINDOWS\SYSTEM32\CRYPTSP.dll
0x00007ff8290e0000 - 0x00007ff829119000 	C:\WINDOWS\system32\rsaenh.dll
0x00007ff82a3d0000 - 0x00007ff82a3fa000 	C:\WINDOWS\SYSTEM32\bcrypt.dll
0x00007ff829980000 - 0x00007ff82998c000 	C:\WINDOWS\SYSTEM32\CRYPTBASE.dll
0x00007ff82bd30000 - 0x00007ff82bd3a000 	C:\WINDOWS\System32\NSI.dll
0x00007fffcbe80000 - 0x00007fffcc41a000 	C:\Users\Kinsley\AppData\Local\Temp\rust_webrtc_ffi653039254703895992.dll
0x00007ff800bf0000 - 0x00007ff800bf9000 	C:\Users\Kinsley\.jdks\graalvm-ce-25.0.1\bin\syslookup.dll

JVMTI agents: none

dbghelp: loaded successfully - version: 4.0.5 - missing functions: none
symbol engine: initialized successfully - sym options: 0x614 - pdb path: .;C:\Users\Kinsley\.jdks\graalvm-ce-25.0.1\bin;C:\WINDOWS\SYSTEM32;C:\WINDOWS\WinSxS\amd64_microsoft.windows.common-controls_6595b64144ccf1df_6.0.26100.8875_none_3e0d5d42e32fe9dd;C:\Users\Kinsley\.jdks\graalvm-ce-25.0.1\bin\server;C:\Users\Kinsley\AppData\Local\Temp;C:\WINDOWS\System32;C:\WINDOWS\system32

VM Arguments:
jvm_args: -XX:ThreadPriorityPolicy=1 -XX:+UnlockExperimentalVMOptions -XX:+EnableJVMCIProduct -XX:+EnableJVMCI -XX:-UnlockExperimentalVMOptions --enable-native-access=ALL-UNNAMED 
java_command: io.github.kinsleykajiva.IceTcpActivePassiveDemo
java_class_path (initial): demo-code/target/classes;library/target/classes;C:\Users\Kinsley\.m2\repository\org\slf4j\slf4j-api\2.0.13\slf4j-api-2.0.13.jar;C:\Users\Kinsley\.m2\repository\ch\qos\logback\logback-classic\1.5.6\logback-classic-1.5.6.jar;C:\Users\Kinsley\.m2\repository\ch\qos\logback\logback-core\1.5.6\logback-core-1.5.6.jar
Launcher Type: SUN_STANDARD

[Global flags]
     intx CICompilerCount                          = 4                                         {product} {ergonomic}
     uint ConcGCThreads                            = 2                                         {product} {ergonomic}
     bool EagerJVMCI                               = true                                {JVMCI product} {ergonomic}
     bool EnableJVMCI                              = true                                {JVMCI product} {jimage}
     bool EnableJVMCIProduct                       = true                                {JVMCI product} {jimage}
     uint G1ConcRefinementThreads                  = 8                                         {product} {ergonomic}
   size_t G1HeapRegionSize                         = 2097152                                   {product} {ergonomic}
   size_t InitialHeapSize                          = 268435456                                 {product} {ergonomic}
   size_t MarkStackSize                            = 4194304                                   {product} {ergonomic}
   size_t MarkStackSizeMax                         = 536870912                                 {product} {ergonomic}
   size_t MaxHeapSize                              = 4263510016                                {product} {ergonomic}
   size_t MaxNewSize                               = 2556428288                                {product} {ergonomic}
   size_t MinHeapDeltaBytes                        = 2097152                                   {product} {ergonomic}
   size_t MinHeapSize                              = 8388608                                   {product} {ergonomic}
    uintx NonNMethodCodeHeapSize                   = 6356992                                {pd product} {ergonomic}
    uintx NonProfiledCodeHeapSize                  = 122683392                              {pd product} {ergonomic}
    uintx ProfiledCodeHeapSize                     = 122617856                              {pd product} {ergonomic}
    uintx ReservedCodeCacheSize                    = 251658240                              {pd product} {ergonomic}
     bool SegmentedCodeCache                       = true                                      {product} {ergonomic}
   size_t SoftMaxHeapSize                          = 4263510016                             {manageable} {ergonomic}
      int ThreadPriorityPolicy                     = 1                                         {product} {jimage}
     bool UseCompressedOops                        = true                           {product lp64_product} {ergonomic}
     bool UseG1GC                                  = true                                      {product} {ergonomic}
     bool UseLargePagesIndividualAllocation        = false                                  {pd product} {ergonomic}

Logging:
Log output configuration:
 #0: stdout all=warning uptime,level,tags foldmultilines=false
 #1: stderr all=off uptime,level,tags foldmultilines=false

Release file:
IMPLEMENTOR="GraalVM Community" 
JAVA_RUNTIME_VERSION="25.0.1+8-jvmci-b01" 
JAVA_VERSION="25.0.1" 
JAVA_VERSION_DATE="2025-10-21" 
LIBC="default" 
MODULES="java.base java.logging jdk.internal.vm.ci org.graalvm.collections java.management jdk.management jdk.unsupported org.graalvm.truffle.compiler org.graalvm.word jdk.graal.compiler com.oracle.graal.graal_enterprise org.graalvm.nativeimage com.oracle.svm.enterprise.truffle com.oracle.svm.extraimage_enterprise com.oracle.svm.svm_enterprise com.oracle.svm_enterprise.ml_dataset com.oracle.truffle.enterprise.svm java.compiler java.datatransfer java.xml java.prefs java.desktop java.instrument java.security.sasl java.naming java.rmi java.management.rmi java.net.http java.scripting java.security.jgss java.transaction.xa java.sql java.sql.rowset java.xml.crypto java.se java.smartcardio jdk.accessibility jdk.internal.jvmstat jdk.attach jdk.charsets jdk.internal.opt jdk.zipfs jdk.compiler jdk.crypto.cryptoki jdk.crypto.ec jdk.crypto.mscapi jdk.dynalink jdk.internal.ed jdk.editpad jdk.graal.compiler.management jdk.hotspot.agent jdk.httpserver jdk.incubator.vector jdk.internal.le jdk.internal.md jdk.jartool jdk.javadoc jdk.jcmd jdk.management.agent jdk.jconsole jdk.jdeps jdk.jdwp.agent jdk.jdi jdk.jfr jdk.jlink jdk.jpackage jdk.jshell jdk.jsobject jdk.jstatd jdk.localedata jdk.management.jfr jdk.naming.dns jdk.naming.rmi jdk.net jdk.nio.mapmode jdk.sctp jdk.security.auth jdk.security.jgss jdk.unsupported.desktop jdk.xml.dom org.graalvm.extraimage.builder org.graalvm.extraimage.librarysupport org.graalvm.nativeimage.libgraal org.graalvm.nativeimage.llvm org.graalvm.webimage.api" 
OS_ARCH="x86_64" 
OS_NAME="Windows" 
SOURCE=".:git:dfc259ea538a+ labsjdk-builder:77e64f276fc1eef3c49958fe0745198a1a86f9a4 compiler:05ec02567a77a30cc41b8ad9174de0dc5737ceaf espresso-shared:05ec02567a77a30cc41b8ad9174de0dc5737ceaf regex:05ec02567a77a30cc41b8ad9174de0dc5737ceaf sdk:05ec02567a77a30cc41b8ad9174de0dc5737ceaf substratevm:05ec02567a77a30cc41b8
Environment Variables:
JAVA_HOME=C:\Users\Kinsley\.jdks\graalvm-ce-25.0.1
PATH=C:\Program Files\PowerShell\7;C:\Users\Kinsley\.jdks\graalvm-ce-25.0.1\bin\;C:\WINDOWS\system32;C:\WINDOWS;C:\WINDOWS\System32\Wbem;C:\WINDOWS\System32\WindowsPowerShell\v1.0\;C:\WINDOWS\System32\OpenSSH\;C:\nvm;C:\nvm4w\nodejs;C:\Program Files\CMake\bin;C:\ProgramData\chocolatey\bin;C:\xampp\php;C:\nssm-2.24\win64;C:\Program Files (x86)\Windows Kits\10\Windows Performance Toolkit\;C:\Program Files (x86)\Gpg4win\..\GnuPG\bin;C:\Users\Kinsley\.m2\wrapper\dists\apache-maven-3.8.4-bin\52ccbt68d252mdldqsfsn03jlf\apache-maven-3.8.4\bin\mvn.cmd;C:\Users\Kinsley\.m2\wrapper\dists\apache-maven-3.8.4-bin\52ccbt68d252mdldqsfsn03jlf\apache-maven-3.8.4\bin;C:\TDM-GCC-64\bin;C:\TDM-GCC-64\bin\gcc.exe;C:\msys64\mingw64\bin;C:\Users\Kinsley\scrcpy-win64-v3.3.4;C:\Users\Kinsley\jextract-25\bin;C:\Program Files\Amazon\AWSCLIV2\;C:\Program Files\GitHub CLI\;C:\Program Files\PostgreSQL\17\bin;C:\Program Files\Go\bin;C:\Program Files\Git\cmd;C:\Program Files\PowerShell\7\;C:\Program Files (x86)\Bitvise SSH Client;C:\Users\Kinsley\webrtc\depot_tools;C:\Users\Kinsley\.cargo\bin;C:\Users\Kinsley\depot_tools;C:\Users\Kinsley\depot_tools;C:\Users\Kinsley\.jdks\graalvm-ce-25.0.1\bin\;C:\WINDOWS\system32;C:\WINDOWS;C:\WINDOWS\System32\Wbem;C:\WINDOWS\System32\WindowsPowerShell\v1.0\;C:\WINDOWS\System32\OpenSSH\;C:\nvm;C:\nvm4w\nodejs;C:\Program Files\Go\bin;C:\Program Files\CMake\bin;C:\Program Files (x86)\scala\bin;C:\ProgramData\chocolatey\bin;C:\xampp\php;C:\Program Files (x86)\Google\Cloud SDK\google-cloud-sdk\bin;C:\nssm-2.24\win64;C:\Program Files (x86)\Windows Kits\10\Windows Performance Toolkit\;C:\Program Files (x86)\Gpg4win\..\GnuPG\bin;C:\Users\Kinsley\.m2\wrapper\dists\apache-maven-3.8.4-bin\52ccbt68d252mdldqsfsn03jlf\apache-maven-3.8.4\bin\mvn.cmd;C:\Users\Kinsley\.m2\wrapper\dists\apache-maven-3.8.4-bin\52ccbt68d252mdldqsfsn03jlf\apache-maven-3.8.4\bin;C:\TDM-GCC-64\bin;C:\TDM-GCC-64\bin\gcc.exe;C:\msys64\mingw64\bin;C:\Program Files\PowerShell\7\;C:\Program Files\Git\cmd;C:\Program Files\cursor\resources\app\bin;C:\Users\Kinsley\scrcpy-win64-v3.3.4;C:\Users\Kinsley\jextrac;C:\Program Files\Lens\resources\cli\bin;C:\Users\Kinsley\AppData\Local\Programs\Microsoft VS Code\bin;C:\Users\Kinsley\AppData\Local\Programs\Python\Python313\Scripts\huggingface-cli.exe;C:\Users\Kinsley\AppData\Local\Programs\Python\Python313\Scripts;C:\Program Files (x86)\sox-14-4-2;C:\xampp\mysql\bin;C:\msys64\msys2.exe;C:\msys64\;C:\Program Files\GitHub CLI\;C:\Users\Kinsley\binaries\gnuwin32;C:\Users\Kinsley\binaries\gnuwin32\bin;C:\Users\Kinsley\binaries\gnuwin32\bin\mawk.exe;C:\Users\Kinsley\binaries;C:\Users\Kinsley\binaries\pthreadVC2.dll;C:\Users\Kinsley\.bun\bin;C:\Program Files\Microsoft Visual Studio\2022\Community\Msbuild\Current\Bin;C:\Program Files\Microsoft Visual Studio\2022\Community\Msbuild\Current\Bin\MSBuild.exe;C:\Program Files\OpenSSL-Win64;C:\Program Files\OpenSSL-Win64\bin;C:\Users\Kinsley\.local\bin;C:\Users\Kinsley\AppData\Local\Programs\Kiro\bin;C:\Users\Kinsley\AppData\Local\Programs\Antigravity\bin;C:\Users\Kinsley\AppData\Local\Programs\cursor\resources\app\bin;C:\Users\Kinsley\AppData\Local\PowerToys\DSCModules\;C:\Users\Kinsley\AppData\Local\GitHubDesktop\bin;C:\Users\Kinsley\go\bin
USERNAME=Kinsley
OS=Windows_NT
PROCESSOR_IDENTIFIER=Intel64 Family 6 Model 142 Stepping 10, GenuineIntel
TMP=C:\Users\Kinsley\AppData\Local\Temp
TEMP=C:\Users\Kinsley\AppData\Local\Temp




Compilation memory statistics disabled.

Periodic native trim disabled

---------------  S Y S T E M  ---------------

OS:
 Windows 11 , 64 bit Build 26100 (10.0.26100.8875)
OS uptime: 1 days 4:13 hours
Hyper-V role detected

CPU: total 8 (initial active 8) (4 cores per cpu, 2 threads per core) family 6 model 142 stepping 10 microcode 0xf6, cx8, cmov, fxsr, ht, mmx, 3dnowpref, sse, sse2, sse3, ssse3, sse4.1, sse4.2, popcnt, lzcnt, tsc, tscinvbit, avx, avx2, aes, erms, clmul, bmi1, bmi2, rtm, adx, fma, vzeroupper, clflush, clflushopt, hv, rdtscp, f16c
Processor Information for the first 8 processors :
  Max Mhz: 2112, Current Mhz: 1910, Mhz Limit: 1900

Memory: 4k page, system-wide physical 16262M (2361M free)
TotalPageFile size 32271M (AvailPageFile size 14730M)
current process WorkingSet (physical memory assigned to process): 120M, peak: 120M
current process commit charge ("private bytes"): 415M, peak: 415M

vm_info: OpenJDK 64-Bit Server VM (25.0.1+8-jvmci-b01) for windows-amd64 JRE (25.0.1+8-jvmci-b01), built on 2025-10-01T13:59:55Z with unknown MS VC++:1943

END.
